2019-02-21 16:53:19,122 - SimpleLog4JLogSystem initialized using logfile 'velocity.log'
2019-02-21 16:53:19,122 - ************************************************************** 
2019-02-21 16:53:19,122 - Starting Jakarta Velocity v1.4
2019-02-21 16:53:19,122 - RuntimeInstance initializing.
2019-02-21 16:53:19,122 - Default Properties File: org/apache/velocity/runtime/defaults/velocity.properties
2019-02-21 16:53:19,122 - Trying to use logger class org.apache.velocity.runtime.log.SimpleLog4JLogSystem
2019-02-21 16:53:19,122 - Using logger class org.apache.velocity.runtime.log.SimpleLog4JLogSystem
2019-02-21 16:53:19,123 - Default ResourceManager initializing. (class org.apache.velocity.runtime.resource.ResourceManagerImpl)
2019-02-21 16:53:19,124 - Resource Loader Instantiated: org.apache.velocity.runtime.resource.loader.ClasspathResourceLoader
2019-02-21 16:53:19,124 - ClasspathResourceLoader : initialization starting.
2019-02-21 16:53:19,124 - ClasspathResourceLoader : initialization complete.
2019-02-21 16:53:19,124 - ResourceCache : initialized. (class org.apache.velocity.runtime.resource.ResourceCacheImpl)
2019-02-21 16:53:19,124 - Default ResourceManager initialization complete.
2019-02-21 16:53:19,125 - Loaded System Directive: org.apache.velocity.runtime.directive.Literal
2019-02-21 16:53:19,125 - Loaded System Directive: org.apache.velocity.runtime.directive.Macro
2019-02-21 16:53:19,126 - Loaded System Directive: org.apache.velocity.runtime.directive.Parse
2019-02-21 16:53:19,127 - Loaded System Directive: org.apache.velocity.runtime.directive.Include
2019-02-21 16:53:19,127 - Loaded System Directive: org.apache.velocity.runtime.directive.Foreach
2019-02-21 16:53:19,139 - Created: 20 parsers.
2019-02-21 16:53:19,140 - Velocimacro : initialization starting.
2019-02-21 16:53:19,140 - Velocimacro : adding VMs from VM library template : VM_global_library.vm
2019-02-21 16:53:19,141 - ResourceManager : unable to find resource 'VM_global_library.vm' in any resource loader.
2019-02-21 16:53:19,141 - Velocimacro : error using  VM library template VM_global_library.vm : org.apache.velocity.exception.ResourceNotFoundException: Unable to find resource 'VM_global_library.vm'
2019-02-21 16:53:19,141 - Velocimacro :  VM library template macro registration complete.
2019-02-21 16:53:19,141 - Velocimacro : allowInline = true : VMs can be defined inline in templates
2019-02-21 16:53:19,141 - Velocimacro : allowInlineToOverride = false : VMs defined inline may NOT replace previous VM definitions
2019-02-21 16:53:19,141 - Velocimacro : allowInlineLocal = false : VMs defined inline will be  global in scope if allowed.
2019-02-21 16:53:19,141 - Velocimacro : messages on  : VM system will output logging messages
2019-02-21 16:53:19,141 - Velocimacro : autoload off  : VM system will not automatically reload global library macros
2019-02-21 16:53:19,141 - Velocimacro : initialization complete.
2019-02-21 16:53:19,141 - Velocity successfully started.
